#
# There is insufficient memory for the Java Runtime Environment to continue.
# Native memory allocation (malloc) failed to allocate 1397136 bytes. Error detail: Chunk::new
# Possible reasons:
#   The system is out of physical RAM or swap space
#   This process is running with CompressedOops enabled, and the Java Heap may be blocking the growth of the native heap
# Possible solutions:
#   Reduce memory load on the system
#   Increase physical memory or swap space
#   Check if swap backing store is full
#   Decrease Java heap size (-Xmx/-Xms)
#   Decrease number of Java threads
#   Decrease Java thread stack sizes (-Xss)
#   Set larger code cache with -XX:ReservedCodeCacheSize=
#   JVM is running with Unscaled Compressed Oops mode in which the Java heap is
#     placed in the first 4GB address space. The Java Heap base address is the
#     maximum limit for the native heap growth. Please use -XX:HeapBaseMinAddress
#     to set the Java Heap base and to place the Java Heap above 4GB virtual address.
# This output file may be truncated or incomplete.
#
#  Out of Memory Error (arena.cpp:168), pid=3096, tid=5572
#
# JRE version: OpenJDK Runtime Environment (21.0.3) (build 21.0.3+-12282718-b509.11)
# Java VM: OpenJDK 64-Bit Server VM (21.0.3+-12282718-b509.11, mixed mode, tiered, compressed oops, compressed class ptrs, g1 gc, windows-amd64)
# No core dump will be written. Minidumps are not enabled by default on client versions of Windows
#

---------------  S U M M A R Y ------------

Command Line: --add-opens=java.base/java.util=ALL-UNNAMED --add-opens=java.base/java.lang=ALL-UNNAMED --add-opens=java.base/java.lang.invoke=ALL-UNNAMED --add-opens=java.prefs/java.util.prefs=ALL-UNNAMED --add-opens=java.base/java.nio.charset=ALL-UNNAMED --add-opens=java.base/java.net=ALL-UNNAMED --add-opens=java.base/java.util.concurrent.atomic=ALL-UNNAMED -Xmx2048m -Dfile.encoding=UTF-8 -Duser.country=MX -Duser.language=es -Duser.variant -javaagent:C:\Users\axelc\.gradle\wrapper\dists\gradle-8.7-bin\bhs2wmbdwecv87pi65oeuq5iu\gradle-8.7\lib\agents\gradle-instrumentation-agent-8.7.jar org.gradle.launcher.daemon.bootstrap.GradleDaemon 8.7

Host: AMD Ryzen 7 5700U with Radeon Graphics         , 16 cores, 5G,  Windows 11 , 64 bit Build 22621 (10.0.22621.3958)
Time: Sun Dec 15 01:35:12 2024 Hora estándar central (México) elapsed time: 7.167101 seconds (0d 0h 0m 7s)

---------------  T H R E A D  ---------------

Current thread (0x0000027d6807f220):  JavaThread "C2 CompilerThread0" daemon [_thread_in_native, id=5572, stack(0x000000f4c5c00000,0x000000f4c5d00000) (1024K)]


Current CompileTask:
C2:   7167 2680   !   4       java.lang.ClassLoader::loadClass (121 bytes)

Stack: [0x000000f4c5c00000,0x000000f4c5d00000]
Native frames: (J=compiled Java code, j=interpreted, Vv=VM code, C=native code)
V  [jvm.dll+0x6cafb9]
V  [jvm.dll+0x858523]
V  [jvm.dll+0x85aa7e]
V  [jvm.dll+0x85b163]
V  [jvm.dll+0x27d356]
V  [jvm.dll+0xbf93d]
V  [jvm.dll+0xbfe73]
V  [jvm.dll+0x3b1cb1]
V  [jvm.dll+0x1dde94]
V  [jvm.dll+0x246c54]
V  [jvm.dll+0x2460d1]
V  [jvm.dll+0x1c5804]
V  [jvm.dll+0x25575c]
V  [jvm.dll+0x253c36]
V  [jvm.dll+0x3ec996]
V  [jvm.dll+0x800d78]
V  [jvm.dll+0x6c98cd]
C  [ucrtbase.dll+0x29333]
C  [KERNEL32.DLL+0x1257d]
C  [ntdll.dll+0x5af08]


---------------  P R O C E S S  ---------------

Threads class SMR info:
_java_thread_list=0x0000027d6a0408d0, length=26, elements={
0x0000027d4b9969d0, 0x0000027d68062c80, 0x0000027d68063d50, 0x0000027d68071df0,
0x0000027d68095ec0, 0x0000027d68097930, 0x0000027d6807df50, 0x0000027d6807f220,
0x0000027d68081190, 0x0000027d63b92910, 0x0000027d68080ac0, 0x0000027d6807fd20,
0x0000027d684afae0, 0x0000027d699d4fb0, 0x0000027d69a789c0, 0x0000027d69954e70,
0x0000027d69f37c80, 0x0000027d69da4fd0, 0x0000027d69eb48d0, 0x0000027d69eb0950,
0x0000027d69f51790, 0x0000027d69f51e20, 0x0000027d69f4e9a0, 0x0000027d69f503e0,
0x0000027d69f4f030, 0x0000027d69f4fd50
}

Java Threads: ( => current thread )
  0x0000027d4b9969d0 JavaThread "main"                              [_thread_blocked, id=1924, stack(0x000000f4c4e00000,0x000000f4c4f00000) (1024K)]
  0x0000027d68062c80 JavaThread "Reference Handler"          daemon [_thread_blocked, id=6260, stack(0x000000f4c5600000,0x000000f4c5700000) (1024K)]
  0x0000027d68063d50 JavaThread "Finalizer"                  daemon [_thread_blocked, id=11572, stack(0x000000f4c5700000,0x000000f4c5800000) (1024K)]
  0x0000027d68071df0 JavaThread "Signal Dispatcher"          daemon [_thread_blocked, id=2728, stack(0x000000f4c5800000,0x000000f4c5900000) (1024K)]
  0x0000027d68095ec0 JavaThread "Attach Listener"            daemon [_thread_blocked, id=17812, stack(0x000000f4c5900000,0x000000f4c5a00000) (1024K)]
  0x0000027d68097930 JavaThread "Service Thread"             daemon [_thread_blocked, id=4432, stack(0x000000f4c5a00000,0x000000f4c5b00000) (1024K)]
  0x0000027d6807df50 JavaThread "Monitor Deflation Thread"   daemon [_thread_blocked, id=20448, stack(0x000000f4c5b00000,0x000000f4c5c00000) (1024K)]
=>0x0000027d6807f220 JavaThread "C2 CompilerThread0"         daemon [_thread_in_native, id=5572, stack(0x000000f4c5c00000,0x000000f4c5d00000) (1024K)]
  0x0000027d68081190 JavaThread "C1 CompilerThread0"         daemon [_thread_blocked, id=16932, stack(0x000000f4c5d00000,0x000000f4c5e00000) (1024K)]
  0x0000027d63b92910 JavaThread "Common-Cleaner"             daemon [_thread_blocked, id=22796, stack(0x000000f4c5e00000,0x000000f4c5f00000) (1024K)]
  0x0000027d68080ac0 JavaThread "C1 CompilerThread1"         daemon [_thread_blocked, id=11540, stack(0x000000f4c5f00000,0x000000f4c6000000) (1024K)]
  0x0000027d6807fd20 JavaThread "C1 CompilerThread2"         daemon [_thread_blocked, id=3244, stack(0x000000f4c6000000,0x000000f4c6100000) (1024K)]
  0x0000027d684afae0 JavaThread "Notification Thread"        daemon [_thread_blocked, id=9048, stack(0x000000f4c6100000,0x000000f4c6200000) (1024K)]
  0x0000027d699d4fb0 JavaThread "Daemon health stats"               [_thread_blocked, id=11912, stack(0x000000f4c6600000,0x000000f4c6700000) (1024K)]
  0x0000027d69a789c0 JavaThread "Incoming local TCP Connector on port 65420"        [_thread_in_native, id=23584, stack(0x000000f4c6700000,0x000000f4c6800000) (1024K)]
  0x0000027d69954e70 JavaThread "Daemon periodic checks"            [_thread_blocked, id=17988, stack(0x000000f4c6800000,0x000000f4c6900000) (1024K)]
  0x0000027d69f37c80 JavaThread "Daemon"                            [_thread_blocked, id=23204, stack(0x000000f4c6900000,0x000000f4c6a00000) (1024K)]
  0x0000027d69da4fd0 JavaThread "Handler for socket connection from /127.0.0.1:65420 to /127.0.0.1:65421"        [_thread_in_native, id=3276, stack(0x000000f4c6a00000,0x000000f4c6b00000) (1024K)]
  0x0000027d69eb48d0 JavaThread "Cancel handler"                    [_thread_blocked, id=16792, stack(0x000000f4c6b00000,0x000000f4c6c00000) (1024K)]
  0x0000027d69eb0950 JavaThread "Daemon worker"                     [_thread_in_native, id=21536, stack(0x000000f4c6c00000,0x000000f4c6d00000) (1024K)]
  0x0000027d69f51790 JavaThread "Asynchronous log dispatcher for DefaultDaemonConnection: socket connection from /127.0.0.1:65420 to /127.0.0.1:65421"        [_thread_blocked, id=9132, stack(0x000000f4c6d00000,0x000000f4c6e00000) (1024K)]
  0x0000027d69f51e20 JavaThread "Stdin handler"                     [_thread_blocked, id=25920, stack(0x000000f4c6e00000,0x000000f4c6f00000) (1024K)]
  0x0000027d69f4e9a0 JavaThread "Daemon client event forwarder"        [_thread_blocked, id=25528, stack(0x000000f4c6f00000,0x000000f4c7000000) (1024K)]
  0x0000027d69f503e0 JavaThread "Cache worker for journal cache (C:\Users\axelc\.gradle\caches\journal-1)"        [_thread_blocked, id=25732, stack(0x000000f4c7a00000,0x000000f4c7b00000) (1024K)]
  0x0000027d69f4f030 JavaThread "File lock request listener"        [_thread_in_native, id=26896, stack(0x000000f4c7b00000,0x000000f4c7c00000) (1024K)]
  0x0000027d69f4fd50 JavaThread "Cache worker for file hash cache (C:\Users\axelc\.gradle\caches\8.7\fileHashes)"        [_thread_blocked, id=26296, stack(0x000000f4c7c00000,0x000000f4c7d00000) (1024K)]
Total: 26

Other Threads:
  0x0000027d63c1cbe0 VMThread "VM Thread"                           [id=27556, stack(0x000000f4c5500000,0x000000f4c5600000) (1024K)]
  0x0000027d63b91d50 WatcherThread "VM Periodic Task Thread"        [id=28480, stack(0x000000f4c5400000,0x000000f4c5500000) (1024K)]
  0x0000027d4b9efa20 WorkerThread "GC Thread#0"                     [id=27524, stack(0x000000f4c4f00000,0x000000f4c5000000) (1024K)]
  0x0000027d68ed33d0 WorkerThread "GC Thread#1"                     [id=23820, stack(0x000000f4c6200000,0x000000f4c6300000) (1024K)]
  0x0000027d6903bc00 WorkerThread "GC Thread#2"                     [id=10844, stack(0x000000f4c6300000,0x000000f4c6400000) (1024K)]
  0x0000027d68e844d0 WorkerThread "GC Thread#3"                     [id=24760, stack(0x000000f4c6400000,0x000000f4c6500000) (1024K)]
  0x0000027d68e84870 WorkerThread "GC Thread#4"                     [id=24300, stack(0x000000f4c6500000,0x000000f4c6600000) (1024K)]
  0x0000027d69fcc4e0 WorkerThread "GC Thread#5"                     [id=1612, stack(0x000000f4c7000000,0x000000f4c7100000) (1024K)]
  0x0000027d6a057750 WorkerThread "GC Thread#6"                     [id=2388, stack(0x000000f4c7100000,0x000000f4c7200000) (1024K)]
  0x0000027d6a057af0 WorkerThread "GC Thread#7"                     [id=9004, stack(0x000000f4c7200000,0x000000f4c7300000) (1024K)]
  0x0000027d6a057e90 WorkerThread "GC Thread#8"                     [id=17956, stack(0x000000f4c7300000,0x000000f4c7400000) (1024K)]
  0x0000027d68d3fcb0 WorkerThread "GC Thread#9"                     [id=24532, stack(0x000000f4c7400000,0x000000f4c7500000) (1024K)]
  0x0000027d68d3ea90 WorkerThread "GC Thread#10"                    [id=8052, stack(0x000000f4c7500000,0x000000f4c7600000) (1024K)]
  0x0000027d68d3ee30 WorkerThread "GC Thread#11"                    [id=5452, stack(0x000000f4c7600000,0x000000f4c7700000) (1024K)]
  0x0000027d68d3f570 WorkerThread "GC Thread#12"                    [id=14800, stack(0x000000f4c7700000,0x000000f4c7800000) (1024K)]
  0x0000027d4ba3e010 ConcurrentGCThread "G1 Main Marker"            [id=16820, stack(0x000000f4c5000000,0x000000f4c5100000) (1024K)]
  0x0000027d4ba412c0 WorkerThread "G1 Conc#0"                       [id=22560, stack(0x000000f4c5100000,0x000000f4c5200000) (1024K)]
  0x0000027d68d40050 WorkerThread "G1 Conc#1"                       [id=14516, stack(0x000000f4c7800000,0x000000f4c7900000) (1024K)]
  0x0000027d68d3f1d0 WorkerThread "G1 Conc#2"                       [id=14004, stack(0x000000f4c7900000,0x000000f4c7a00000) (1024K)]
  0x0000027d4ba5e650 ConcurrentGCThread "G1 Refine#0"               [id=18092, stack(0x000000f4c5200000,0x000000f4c5300000) (1024K)]
  0x0000027d63a62390 ConcurrentGCThread "G1 Service"                [id=9276, stack(0x000000f4c5300000,0x000000f4c5400000) (1024K)]
Total: 21

Threads with active compile tasks:
C2 CompilerThread0     7234 2680   !   4       java.lang.ClassLoader::loadClass (121 bytes)
Total: 1

VM state: not at safepoint (normal execution)

VM Mutex/Monitor currently owned by a thread: None

Heap address: 0x0000000080000000, size: 2048 MB, Compressed Oops mode: 32-bit

CDS archive(s) not mapped
Compressed class space mapped at: 0x0000000100000000-0x0000000140000000, reserved size: 1073741824
Narrow klass base: 0x0000000000000000, Narrow klass shift: 3, Narrow klass range: 0x140000000

GC Precious Log:
 CardTable entry size: 512
 Card Set container configuration: InlinePtr #cards 5 size 8 Array Of Cards #cards 12 size 40 Howl #buckets 4 coarsen threshold 1843 Howl Bitmap #cards 512 size 80 coarsen threshold 460 Card regions per heap region 1 cards per card region 2048
 CPUs: 16 total, 16 available
 Memory: 5989M
 Large Page Support: Disabled
 NUMA Support: Disabled
 Compressed Oops: Enabled (32-bit)
 Heap Region Size: 1M
 Heap Min Capacity: 8M
 Heap Initial Capacity: 94M
 Heap Max Capacity: 2G
 Pre-touch: Disabled
 Parallel Workers: 13
 Concurrent Workers: 3
 Concurrent Refinement Workers: 13
 Periodic GC: Disabled

Heap:
 garbage-first heap   total 68608K, used 42438K [0x0000000080000000, 0x0000000100000000)
  region size 1024K, 31 young (31744K), 7 survivors (7168K)
 Metaspace       used 25678K, committed 26048K, reserved 1114112K
  class space    used 3173K, committed 3328K, reserved 1048576K

Heap Regions: E=young(eden), S=young(survivor), O=old, HS=humongous(starts), HC=humongous(continues), CS=collection set, F=free, TAMS=top-at-mark-start, PB=parsable bottom
|   0|0x0000000080000000, 0x0000000080100000, 0x0000000080100000|100%|HS|  |TAMS 0x0000000080000000| PB 0x0000000080000000| Complete 
|   1|0x0000000080100000, 0x0000000080200000, 0x0000000080200000|100%|HC|  |TAMS 0x0000000080100000| PB 0x0000000080100000| Complete 
|   2|0x0000000080200000, 0x0000000080300000, 0x0000000080300000|100%|HC|  |TAMS 0x0000000080200000| PB 0x0000000080200000| Complete 
|   3|0x0000000080300000, 0x0000000080400000, 0x0000000080400000|100%|HC|  |TAMS 0x0000000080300000| PB 0x0000000080300000| Complete 
|   4|0x0000000080400000, 0x0000000080500000, 0x0000000080500000|100%| O|  |TAMS 0x0000000080400000| PB 0x0000000080400000| Untracked 
|   5|0x0000000080500000, 0x0000000080600000, 0x0000000080600000|100%| O|  |TAMS 0x0000000080500000| PB 0x0000000080500000| Untracked 
|   6|0x0000000080600000, 0x0000000080700000, 0x0000000080700000|100%| O|  |TAMS 0x0000000080600000| PB 0x0000000080600000| Untracked 
|   7|0x0000000080700000, 0x0000000080800000, 0x0000000080800000|100%| O|  |TAMS 0x0000000080700000| PB 0x0000000080700000| Untracked 
|   8|0x0000000080800000, 0x0000000080900000, 0x0000000080900000|100%| O|  |TAMS 0x0000000080800000| PB 0x0000000080800000| Untracked 
|   9|0x0000000080900000, 0x0000000080a00000, 0x0000000080a00000|100%| O|  |TAMS 0x0000000080900000| PB 0x0000000080900000| Untracked 
|  10|0x0000000080a00000, 0x0000000080b00000, 0x0000000080b00000|100%| O|  |TAMS 0x0000000080a00000| PB 0x0000000080a00000| Untracked 
|  11|0x0000000080b00000, 0x0000000080b00000, 0x0000000080c00000|  0%| F|  |TAMS 0x0000000080b00000| PB 0x0000000080b00000| Untracked 
|  12|0x0000000080c00000, 0x0000000080c71900, 0x0000000080d00000| 44%| O|Cm|TAMS 0x0000000080c00000| PB 0x0000000080c00000| Complete 
|  13|0x0000000080d00000, 0x0000000080d00000, 0x0000000080e00000|  0%| F|  |TAMS 0x0000000080d00000| PB 0x0000000080d00000| Untracked 
|  14|0x0000000080e00000, 0x0000000080e00000, 0x0000000080f00000|  0%| F|  |TAMS 0x0000000080e00000| PB 0x0000000080e00000| Untracked 
|  15|0x0000000080f00000, 0x0000000080f00000, 0x0000000081000000|  0%| F|  |TAMS 0x0000000080f00000| PB 0x0000000080f00000| Untracked 
|  16|0x0000000081000000, 0x0000000081000000, 0x0000000081100000|  0%| F|  |TAMS 0x0000000081000000| PB 0x0000000081000000| Untracked 
|  17|0x0000000081100000, 0x0000000081100000, 0x0000000081200000|  0%| F|  |TAMS 0x0000000081100000| PB 0x0000000081100000| Untracked 
|  18|0x0000000081200000, 0x0000000081200000, 0x0000000081300000|  0%| F|  |TAMS 0x0000000081200000| PB 0x0000000081200000| Untracked 
|  19|0x0000000081300000, 0x0000000081300000, 0x0000000081400000|  0%| F|  |TAMS 0x0000000081300000| PB 0x0000000081300000| Untracked 
|  20|0x0000000081400000, 0x0000000081400000, 0x0000000081500000|  0%| F|  |TAMS 0x0000000081400000| PB 0x0000000081400000| Untracked 
|  21|0x0000000081500000, 0x0000000081500000, 0x0000000081600000|  0%| F|  |TAMS 0x0000000081500000| PB 0x0000000081500000| Untracked 
|  22|0x0000000081600000, 0x0000000081600000, 0x0000000081700000|  0%| F|  |TAMS 0x0000000081600000| PB 0x0000000081600000| Untracked 
|  23|0x0000000081700000, 0x0000000081700000, 0x0000000081800000|  0%| F|  |TAMS 0x0000000081700000| PB 0x0000000081700000| Untracked 
|  24|0x0000000081800000, 0x0000000081800000, 0x0000000081900000|  0%| F|  |TAMS 0x0000000081800000| PB 0x0000000081800000| Untracked 
|  25|0x0000000081900000, 0x0000000081900000, 0x0000000081a00000|  0%| F|  |TAMS 0x0000000081900000| PB 0x0000000081900000| Untracked 
|  26|0x0000000081a00000, 0x0000000081a00000, 0x0000000081b00000|  0%| F|  |TAMS 0x0000000081a00000| PB 0x0000000081a00000| Untracked 
|  27|0x0000000081b00000, 0x0000000081b00000, 0x0000000081c00000|  0%| F|  |TAMS 0x0000000081b00000| PB 0x0000000081b00000| Untracked 
|  28|0x0000000081c00000, 0x0000000081c00000, 0x0000000081d00000|  0%| F|  |TAMS 0x0000000081c00000| PB 0x0000000081c00000| Untracked 
|  29|0x0000000081d00000, 0x0000000081d00000, 0x0000000081e00000|  0%| F|  |TAMS 0x0000000081d00000| PB 0x0000000081d00000| Untracked 
|  30|0x0000000081e00000, 0x0000000081e00000, 0x0000000081f00000|  0%| F|  |TAMS 0x0000000081e00000| PB 0x0000000081e00000| Untracked 
|  31|0x0000000081f00000, 0x0000000081f00000, 0x0000000082000000|  0%| F|  |TAMS 0x0000000081f00000| PB 0x0000000081f00000| Untracked 
|  32|0x0000000082000000, 0x0000000082000000, 0x0000000082100000|  0%| F|  |TAMS 0x0000000082000000| PB 0x0000000082000000| Untracked 
|  33|0x0000000082100000, 0x0000000082100000, 0x0000000082200000|  0%| F|  |TAMS 0x0000000082100000| PB 0x0000000082100000| Untracked 
|  34|0x0000000082200000, 0x0000000082200000, 0x0000000082300000|  0%| F|  |TAMS 0x0000000082200000| PB 0x0000000082200000| Untracked 
|  35|0x0000000082300000, 0x0000000082300000, 0x0000000082400000|  0%| F|  |TAMS 0x0000000082300000| PB 0x0000000082300000| Untracked 
|  36|0x0000000082400000, 0x00000000824994f0, 0x0000000082500000| 59%| E|  |TAMS 0x0000000082400000| PB 0x0000000082400000| Complete 
|  37|0x0000000082500000, 0x0000000082600000, 0x0000000082600000|100%| E|CS|TAMS 0x0000000082500000| PB 0x0000000082500000| Complete 
|  38|0x0000000082600000, 0x0000000082700000, 0x0000000082700000|100%| E|CS|TAMS 0x0000000082600000| PB 0x0000000082600000| Complete 
|  39|0x0000000082700000, 0x0000000082800000, 0x0000000082800000|100%| E|CS|TAMS 0x0000000082700000| PB 0x0000000082700000| Complete 
|  40|0x0000000082800000, 0x0000000082900000, 0x0000000082900000|100%| E|CS|TAMS 0x0000000082800000| PB 0x0000000082800000| Complete 
|  41|0x0000000082900000, 0x0000000082a00000, 0x0000000082a00000|100%| E|CS|TAMS 0x0000000082900000| PB 0x0000000082900000| Complete 
|  42|0x0000000082a00000, 0x0000000082b00000, 0x0000000082b00000|100%| S|CS|TAMS 0x0000000082a00000| PB 0x0000000082a00000| Complete 
|  43|0x0000000082b00000, 0x0000000082c00000, 0x0000000082c00000|100%| S|CS|TAMS 0x0000000082b00000| PB 0x0000000082b00000| Complete 
|  44|0x0000000082c00000, 0x0000000082d00000, 0x0000000082d00000|100%| S|CS|TAMS 0x0000000082c00000| PB 0x0000000082c00000| Complete 
|  45|0x0000000082d00000, 0x0000000082e00000, 0x0000000082e00000|100%| S|CS|TAMS 0x0000000082d00000| PB 0x0000000082d00000| Complete 
|  46|0x0000000082e00000, 0x0000000082f00000, 0x0000000082f00000|100%| S|CS|TAMS 0x0000000082e00000| PB 0x0000000082e00000| Complete 
|  47|0x0000000082f00000, 0x0000000083000000, 0x0000000083000000|100%| S|CS|TAMS 0x0000000082f00000| PB 0x0000000082f00000| Complete 
|  48|0x0000000083000000, 0x0000000083100000, 0x0000000083100000|100%| S|CS|TAMS 0x0000000083000000| PB 0x0000000083000000| Complete 
|  49|0x0000000083100000, 0x0000000083200000, 0x0000000083200000|100%| E|CS|TAMS 0x0000000083100000| PB 0x0000000083100000| Complete 
|  50|0x0000000083200000, 0x0000000083300000, 0x0000000083300000|100%| E|CS|TAMS 0x0000000083200000| PB 0x0000000083200000| Complete 
|  51|0x0000000083300000, 0x0000000083400000, 0x0000000083400000|100%| E|CS|TAMS 0x0000000083300000| PB 0x0000000083300000| Complete 
|  52|0x0000000083400000, 0x0000000083500000, 0x0000000083500000|100%| E|CS|TAMS 0x0000000083400000| PB 0x0000000083400000| Complete 
|  53|0x0000000083500000, 0x0000000083600000, 0x0000000083600000|100%| E|CS|TAMS 0x0000000083500000| PB 0x0000000083500000| Complete 
|  54|0x0000000083600000, 0x0000000083700000, 0x0000000083700000|100%| E|CS|TAMS 0x0000000083600000| PB 0x0000000083600000| Complete 
|  55|0x0000000083700000, 0x0000000083800000, 0x0000000083800000|100%| E|CS|TAMS 0x0000000083700000| PB 0x0000000083700000| Complete 
|  56|0x0000000083800000, 0x0000000083900000, 0x0000000083900000|100%| E|CS|TAMS 0x0000000083800000| PB 0x0000000083800000| Complete 
|  57|0x0000000083900000, 0x0000000083a00000, 0x0000000083a00000|100%| E|CS|TAMS 0x0000000083900000| PB 0x0000000083900000| Complete 
|  58|0x0000000083a00000, 0x0000000083b00000, 0x0000000083b00000|100%| E|CS|TAMS 0x0000000083a00000| PB 0x0000000083a00000| Complete 
|  59|0x0000000083b00000, 0x0000000083c00000, 0x0000000083c00000|100%| E|CS|TAMS 0x0000000083b00000| PB 0x0000000083b00000| Complete 
|  60|0x0000000083c00000, 0x0000000083d00000, 0x0000000083d00000|100%| E|CS|TAMS 0x0000000083c00000| PB 0x0000000083c00000| Complete 
|  61|0x0000000083d00000, 0x0000000083e00000, 0x0000000083e00000|100%| E|CS|TAMS 0x0000000083d00000| PB 0x0000000083d00000| Complete 
|  62|0x0000000083e00000, 0x0000000083f00000, 0x0000000083f00000|100%| E|CS|TAMS 0x0000000083e00000| PB 0x0000000083e00000| Complete 
|  63|0x0000000083f00000, 0x0000000084000000, 0x0000000084000000|100%| E|CS|TAMS 0x0000000083f00000| PB 0x0000000083f00000| Complete 
|  64|0x0000000084000000, 0x0000000084100000, 0x0000000084100000|100%| E|CS|TAMS 0x0000000084000000| PB 0x0000000084000000| Complete 
|  65|0x0000000084100000, 0x0000000084200000, 0x0000000084200000|100%| E|CS|TAMS 0x0000000084100000| PB 0x0000000084100000| Complete 
|  93|0x0000000085d00000, 0x0000000085e00000, 0x0000000085e00000|100%| E|CS|TAMS 0x0000000085d00000| PB 0x0000000085d00000| Complete 

Card table byte_map: [0x0000027d5e780000,0x0000027d5eb80000] _byte_map_base: 0x0000027d5e380000

Marking Bits: (CMBitMap*) 0x0000027d4b9f0120
 Bits: [0x0000027d5eb80000, 0x0000027d60b80000)

Polling page: 0x0000027d4b160000

Metaspace:

Usage:
  Non-class:     21.98 MB used.
      Class:      3.10 MB used.
       Both:     25.08 MB used.

Virtual space:
  Non-class space:       64.00 MB reserved,      22.25 MB ( 35%) committed,  1 nodes.
      Class space:        1.00 GB reserved,       3.25 MB ( <1%) committed,  1 nodes.
             Both:        1.06 GB reserved,      25.50 MB (  2%) committed. 

Chunk freelists:
   Non-Class:  9.05 MB
       Class:  12.76 MB
        Both:  21.80 MB

MaxMetaspaceSize: unlimited
CompressedClassSpaceSize: 1.00 GB
Initial GC threshold: 21.00 MB
Current GC threshold: 35.12 MB
CDS: off
 - commit_granule_bytes: 65536.
 - commit_granule_words: 8192.
 - virtual_space_node_default_size: 8388608.
 - enlarge_chunks_in_place: 1.
 - use_allocation_guard: 0.


Internal statistics:

num_allocs_failed_limit: 3.
num_arena_births: 558.
num_arena_deaths: 0.
num_vsnodes_births: 2.
num_vsnodes_deaths: 0.
num_space_committed: 408.
num_space_uncommitted: 0.
num_chunks_returned_to_freelist: 3.
num_chunks_taken_from_freelist: 1155.
num_chunk_merges: 3.
num_chunk_splits: 738.
num_chunks_enlarged: 516.
num_inconsistent_stats: 0.

CodeHeap 'non-profiled nmethods': size=119168Kb used=1129Kb max_used=1129Kb free=118038Kb
 bounds [0x0000027d56680000, 0x0000027d568f0000, 0x0000027d5dae0000]
CodeHeap 'profiled nmethods': size=119104Kb used=5633Kb max_used=5633Kb free=113470Kb
 bounds [0x0000027d4eae0000, 0x0000027d4f070000, 0x0000027d55f30000]
CodeHeap 'non-nmethods': size=7488Kb used=2570Kb max_used=2587Kb free=4917Kb
 bounds [0x0000027d55f30000, 0x0000027d561c0000, 0x0000027d56680000]
 total_blobs=3290 nmethods=2739 adapters=453
 compilation: enabled
              stopped_count=0, restarted_count=0
 full_count=0

Compilation events (20 events):
Event: 7.088 Thread 0x0000027d6807fd20 2717       3       java.lang.invoke.InvokerBytecodeGenerator::addMethod (725 bytes)
Event: 7.089 Thread 0x0000027d68081190 nmethod 2715 0x0000027d4f04ec90 code [0x0000027d4f04ee20, 0x0000027d4f04ef48]
Event: 7.089 Thread 0x0000027d68081190 2721       3       java.lang.invoke.InvokerBytecodeGenerator::clinit (351 bytes)
Event: 7.089 Thread 0x0000027d68080ac0 nmethod 2716 0x0000027d4f04f010 code [0x0000027d4f04f260, 0x0000027d4f04f9b0]
Event: 7.089 Thread 0x0000027d68080ac0 2718       3       java.lang.invoke.InvokerBytecodeGenerator::methodPrologue (29 bytes)
Event: 7.089 Thread 0x0000027d68080ac0 nmethod 2718 0x0000027d4f04fc90 code [0x0000027d4f04fe60, 0x0000027d4f050190]
Event: 7.089 Thread 0x0000027d68080ac0 2719       3       java.lang.invoke.InvokerBytecodeGenerator::emitReturn (107 bytes)
Event: 7.090 Thread 0x0000027d68080ac0 nmethod 2719 0x0000027d4f050310 code [0x0000027d4f050520, 0x0000027d4f0509f0]
Event: 7.090 Thread 0x0000027d68080ac0 2720       3       java.lang.invoke.InvokerBytecodeGenerator::methodEpilogue (17 bytes)
Event: 7.090 Thread 0x0000027d68080ac0 nmethod 2720 0x0000027d4f050c10 code [0x0000027d4f050de0, 0x0000027d4f051088]
Event: 7.090 Thread 0x0000027d68080ac0 2722       3       java.lang.invoke.InvokerBytecodeGenerator::bogusMethod (77 bytes)
Event: 7.090 Thread 0x0000027d68081190 nmethod 2721 0x0000027d4f051190 code [0x0000027d4f051680, 0x0000027d4f053900]
Event: 7.090 Thread 0x0000027d68081190 2723   !   3       java.lang.invoke.InvokerBytecodeGenerator::toByteArray (18 bytes)
Event: 7.090 Thread 0x0000027d68081190 nmethod 2723 0x0000027d4f054310 code [0x0000027d4f0544e0, 0x0000027d4f054740]
Event: 7.090 Thread 0x0000027d68081190 2724       3       java.lang.invoke.MethodHandles::classData (17 bytes)
Event: 7.090 Thread 0x0000027d68080ac0 nmethod 2722 0x0000027d4f054890 code [0x0000027d4f054ae0, 0x0000027d4f055250]
Event: 7.091 Thread 0x0000027d6807fd20 nmethod 2717 0x0000027d4f055490 code [0x0000027d4f055a00, 0x0000027d4f057dc8]
Event: 7.091 Thread 0x0000027d68081190 nmethod 2724 0x0000027d4f058a90 code [0x0000027d4f058c80, 0x0000027d4f059048]
Event: 7.141 Thread 0x0000027d68081190 2725       3       java.lang.Thread::isVirtual (5 bytes)
Event: 7.141 Thread 0x0000027d68081190 nmethod 2725 0x0000027d4f059210 code [0x0000027d4f0593c0, 0x0000027d4f0595b8]

GC Heap History (6 events):
Event: 1.850 GC heap before
{Heap before GC invocations=0 (full 0):
 garbage-first heap   total 96256K, used 26624K [0x0000000080000000, 0x0000000100000000)
  region size 1024K, 23 young (23552K), 0 survivors (0K)
 Metaspace       used 10850K, committed 11008K, reserved 1114112K
  class space    used 1137K, committed 1216K, reserved 1048576K
}
Event: 1.859 GC heap after
{Heap after GC invocations=1 (full 0):
 garbage-first heap   total 96256K, used 10448K [0x0000000080000000, 0x0000000100000000)
  region size 1024K, 3 young (3072K), 3 survivors (3072K)
 Metaspace       used 10850K, committed 11008K, reserved 1114112K
  class space    used 1137K, committed 1216K, reserved 1048576K
}
Event: 2.695 GC heap before
{Heap before GC invocations=1 (full 0):
 garbage-first heap   total 96256K, used 39120K [0x0000000080000000, 0x0000000100000000)
  region size 1024K, 31 young (31744K), 3 survivors (3072K)
 Metaspace       used 11949K, committed 12160K, reserved 1114112K
  class space    used 1250K, committed 1344K, reserved 1048576K
}
Event: 2.700 GC heap after
{Heap after GC invocations=2 (full 0):
 garbage-first heap   total 96256K, used 11560K [0x0000000080000000, 0x0000000100000000)
  region size 1024K, 1 young (1024K), 1 survivors (1024K)
 Metaspace       used 11949K, committed 12160K, reserved 1114112K
  class space    used 1250K, committed 1344K, reserved 1048576K
}
Event: 5.610 GC heap before
{Heap before GC invocations=2 (full 0):
 garbage-first heap   total 96256K, used 55592K [0x0000000080000000, 0x0000000100000000)
  region size 1024K, 45 young (46080K), 1 survivors (1024K)
 Metaspace       used 21246K, committed 21504K, reserved 1114112K
  class space    used 2489K, committed 2624K, reserved 1048576K
}
Event: 5.618 GC heap after
{Heap after GC invocations=3 (full 0):
 garbage-first heap   total 96256K, used 18886K [0x0000000080000000, 0x0000000100000000)
  region size 1024K, 7 young (7168K), 7 survivors (7168K)
 Metaspace       used 21246K, committed 21504K, reserved 1114112K
  class space    used 2489K, committed 2624K, reserved 1048576K
}

Dll operation events (3 events):
Event: 0.048 Loaded shared library C:\Program Files\Android\Android Studio\jbr\bin\java.dll
Event: 0.111 Loaded shared library C:\Program Files\Android\Android Studio\jbr\bin\zip.dll
Event: 1.306 Loaded shared library C:\Program Files\Android\Android Studio\jbr\bin\verify.dll

Deoptimization events (20 events):
Event: 5.668 Thread 0x0000027d69eb0950 Uncommon trap: trap_request=0xffffff45 fr.pc=0x0000027d56729aa4 relative=0x0000000000000264
Event: 5.668 Thread 0x0000027d69eb0950 Uncommon trap: reason=unstable_if action=reinterpret pc=0x0000027d56729aa4 method=java.util.concurrent.ConcurrentHashMap.get(Ljava/lang/Object;)Ljava/lang/Object; @ 76 c2
Event: 5.668 Thread 0x0000027d69eb0950 DEOPT PACKING pc=0x0000027d56729aa4 sp=0x000000f4c6cfbaf0
Event: 5.668 Thread 0x0000027d69eb0950 DEOPT UNPACKING pc=0x0000027d55f846a2 sp=0x000000f4c6cfba58 mode 2
Event: 6.183 Thread 0x0000027d69eb0950 Uncommon trap: trap_request=0xffffffde fr.pc=0x0000027d56735564 relative=0x0000000000000304
Event: 6.183 Thread 0x0000027d69eb0950 Uncommon trap: reason=class_check action=maybe_recompile pc=0x0000027d56735564 method=java.util.regex.Pattern$BmpCharPropertyGreedy.match(Ljava/util/regex/Matcher;ILjava/lang/CharSequence;)Z @ 26 c2
Event: 6.183 Thread 0x0000027d69eb0950 DEOPT PACKING pc=0x0000027d56735564 sp=0x000000f4c6cfc1b0
Event: 6.183 Thread 0x0000027d69eb0950 DEOPT UNPACKING pc=0x0000027d55f846a2 sp=0x000000f4c6cfc168 mode 2
Event: 6.183 Thread 0x0000027d69eb0950 Uncommon trap: trap_request=0xffffffde fr.pc=0x0000027d56735564 relative=0x0000000000000304
Event: 6.183 Thread 0x0000027d69eb0950 Uncommon trap: reason=class_check action=maybe_recompile pc=0x0000027d56735564 method=java.util.regex.Pattern$BmpCharPropertyGreedy.match(Ljava/util/regex/Matcher;ILjava/lang/CharSequence;)Z @ 26 c2
Event: 6.183 Thread 0x0000027d69eb0950 DEOPT PACKING pc=0x0000027d56735564 sp=0x000000f4c6cfc120
Event: 6.183 Thread 0x0000027d69eb0950 DEOPT UNPACKING pc=0x0000027d55f846a2 sp=0x000000f4c6cfc0d8 mode 2
Event: 6.491 Thread 0x0000027d69eb0950 Uncommon trap: trap_request=0xffffff45 fr.pc=0x0000027d566a3da0 relative=0x0000000000000d20
Event: 6.491 Thread 0x0000027d69eb0950 Uncommon trap: reason=unstable_if action=reinterpret pc=0x0000027d566a3da0 method=java.io.WinNTFileSystem.resolve(Ljava/lang/String;Ljava/lang/String;)Ljava/lang/String; @ 19 c2
Event: 6.491 Thread 0x0000027d69eb0950 DEOPT PACKING pc=0x0000027d566a3da0 sp=0x000000f4c6cfb940
Event: 6.491 Thread 0x0000027d69eb0950 DEOPT UNPACKING pc=0x0000027d55f846a2 sp=0x000000f4c6cfb8d8 mode 2
Event: 6.493 Thread 0x0000027d69eb0950 Uncommon trap: trap_request=0xffffff45 fr.pc=0x0000027d566f0794 relative=0x0000000000000634
Event: 6.493 Thread 0x0000027d69eb0950 Uncommon trap: reason=unstable_if action=reinterpret pc=0x0000027d566f0794 method=java.io.File.getName()Ljava/lang/String; @ 16 c2
Event: 6.493 Thread 0x0000027d69eb0950 DEOPT PACKING pc=0x0000027d566f0794 sp=0x000000f4c6cfb8f0
Event: 6.493 Thread 0x0000027d69eb0950 DEOPT UNPACKING pc=0x0000027d55f846a2 sp=0x000000f4c6cfb8c0 mode 2

Classes loaded (20 events):
Event: 6.453 Loading class sun/security/provider/ByteArrayAccess$LE
Event: 6.453 Loading class sun/security/provider/ByteArrayAccess$LE done
Event: 6.492 Loading class java/io/File$TempDirectory
Event: 6.493 Loading class java/io/File$TempDirectory done
Event: 6.500 Loading class java/io/PrintWriter
Event: 6.500 Loading class java/io/PrintWriter done
Event: 6.594 Loading class java/io/FilenameFilter
Event: 6.594 Loading class java/io/FilenameFilter done
Event: 6.595 Loading class java/nio/file/FileVisitor
Event: 6.595 Loading class java/nio/file/FileVisitor done
Event: 6.595 Loading class java/util/zip/CheckedInputStream
Event: 6.603 Loading class java/util/zip/CheckedInputStream done
Event: 6.805 Loading class java/util/concurrent/Semaphore
Event: 6.805 Loading class java/util/concurrent/Semaphore done
Event: 6.808 Loading class java/nio/file/FileVisitOption
Event: 6.808 Loading class java/nio/file/FileVisitOption done
Event: 6.813 Loading class java/util/stream/ReduceOps$1
Event: 6.814 Loading class java/util/stream/ReduceOps$1 done
Event: 6.814 Loading class java/util/stream/ReduceOps$1ReducingSink
Event: 6.814 Loading class java/util/stream/ReduceOps$1ReducingSink done

Classes unloaded (0 events):
No events

Classes redefined (0 events):
No events

Internal exceptions (20 events):
Event: 5.603 Thread 0x0000027d69eb0950 Exception <a 'java/lang/NoSuchMethodError'{0x0000000083127710}: 'java.lang.Object java.lang.invoke.DirectMethodHandle$Holder.invokeStatic(java.lang.Object, java.lang.Object, java.lang.Object, java.lang.Object, java.lang.Object, java.lang.Object, java.lang.Object, java.lang.Object, java.lang.Object, java.lang.Object, java.lang.Object, java.lang.Object, java.lang.Object, java.lang.Object)'> (0x0000000083127710) 
thrown [s\src\hotspot\share\interpreter\linkResolver.cpp, line 784]
Event: 5.663 Thread 0x0000027d69eb0950 Exception <a 'java/lang/NoSuchMethodError'{0x00000000841902d8}: 'java.lang.Object java.lang.invoke.DirectMethodHandle$Holder.newInvokeSpecial(java.lang.Object, java.lang.Object, java.lang.Object, java.lang.Object, java.lang.Object)'> (0x00000000841902d8) 
thrown [s\src\hotspot\share\interpreter\linkResolver.cpp, line 784]
Event: 5.719 Thread 0x0000027d69eb0950 Exception <a 'java/lang/NoSuchMethodError'{0x0000000083fd6c18}: 'void java.lang.invoke.DirectMethodHandle$Holder.invokeSpecial(java.lang.Object, java.lang.Object, java.lang.Object)'> (0x0000000083fd6c18) 
thrown [s\src\hotspot\share\interpreter\linkResolver.cpp, line 784]
Event: 5.760 Thread 0x0000027d69eb0950 Exception <a 'java/lang/NoSuchMethodError'{0x0000000083ea7a48}: 'java.lang.Object java.lang.invoke.DirectMethodHandle$Holder.newInvokeSpecial(java.lang.Object, java.lang.Object, java.lang.Object, java.lang.Object, java.lang.Object, java.lang.Object)'> (0x0000000083ea7a48) 
thrown [s\src\hotspot\share\interpreter\linkResolver.cpp, line 784]
Event: 5.764 Thread 0x0000027d69eb0950 Exception <a 'java/lang/NoSuchMethodError'{0x0000000083ec9a60}: 'void java.lang.invoke.DirectMethodHandle$Holder.invokeStaticInit(java.lang.Object, java.lang.Object)'> (0x0000000083ec9a60) 
thrown [s\src\hotspot\share\interpreter\linkResolver.cpp, line 784]
Event: 5.891 Thread 0x0000027d69eb0950 Exception <a 'java/lang/NoSuchMethodError'{0x0000000083b51e90}: 'void java.lang.invoke.DelegatingMethodHandle$Holder.reinvoke_L(java.lang.Object, java.lang.Object, java.lang.Object, java.lang.Object, java.lang.Object, java.lang.Object, java.lang.Object, java.lang.Object, java.lang.Object, java.lang.Object)'> (0x0000000083b51e90) 
thrown [s\src\hotspot\share\interpreter\linkResolver.cpp, line 784]
Event: 5.892 Thread 0x0000027d69eb0950 Exception <a 'java/lang/NoSuchMethodError'{0x0000000083b59890}: 'java.lang.Object java.lang.invoke.Invokers$Holder.invoker(java.lang.Object, java.lang.Object, java.lang.Object, java.lang.Object, java.lang.Object, java.lang.Object, java.lang.Object, java.lang.Object, java.lang.Object, java.lang.Object)'> (0x0000000083b59890) 
thrown [s\src\hotspot\share\interpreter\linkResolver.cpp, line 784]
Event: 6.061 Thread 0x0000027d69eb0950 Exception <a 'java/lang/NoSuchMethodError'{0x00000000838f3268}: 'void java.lang.invoke.DirectMethodHandle$Holder.invokeVirtual(java.lang.Object, java.lang.Object, java.lang.Object, java.lang.Object, java.lang.Object)'> (0x00000000838f3268) 
thrown [s\src\hotspot\share\interpreter\linkResolver.cpp, line 784]
Event: 6.180 Thread 0x0000027d69eb0950 Exception <a 'java/lang/NoSuchMethodError'{0x00000000836c24c8}: 'void java.lang.invoke.DirectMethodHandle$Holder.invokeInterface(java.lang.Object, java.lang.Object)'> (0x00000000836c24c8) 
thrown [s\src\hotspot\share\interpreter\linkResolver.cpp, line 784]
Event: 6.181 Thread 0x0000027d69eb0950 Exception <a 'java/lang/IncompatibleClassChangeError'{0x00000000836c5a28}: Found class java.lang.Object, but interface was expected> (0x00000000836c5a28) 
thrown [s\src\hotspot\share\interpreter\linkResolver.cpp, line 851]
Event: 6.206 Thread 0x0000027d69eb0950 Exception <a 'java/lang/NoSuchMethodError'{0x00000000835566a0}: 'void java.lang.invoke.DirectMethodHandle$Holder.invokeStaticInit(java.lang.Object)'> (0x00000000835566a0) 
thrown [s\src\hotspot\share\interpreter\linkResolver.cpp, line 784]
Event: 6.260 Thread 0x0000027d69eb0950 Exception <a 'java/lang/NoSuchMethodError'{0x0000000083401618}: 'java.lang.Object java.lang.invoke.DirectMethodHandle$Holder.newInvokeSpecial(java.lang.Object, java.lang.Object, java.lang.Object, int)'> (0x0000000083401618) 
thrown [s\src\hotspot\share\interpreter\linkResolver.cpp, line 784]
Event: 6.263 Thread 0x0000027d69eb0950 Exception <a 'java/lang/NoSuchMethodError'{0x0000000083405cd0}: 'java.lang.Object java.lang.invoke.DirectMethodHandle$Holder.invokeSpecial(java.lang.Object, java.lang.Object, java.lang.Object, java.lang.Object, int)'> (0x0000000083405cd0) 
thrown [s\src\hotspot\share\interpreter\linkResolver.cpp, line 784]
Event: 6.263 Thread 0x0000027d69eb0950 Exception <a 'java/lang/NoSuchMethodError'{0x0000000083409b78}: 'java.lang.Object java.lang.invoke.Invokers$Holder.linkToTargetMethod(java.lang.Object, java.lang.Object, int, java.lang.Object)'> (0x0000000083409b78) 
thrown [s\src\hotspot\share\interpreter\linkResolver.cpp, line 784]
Event: 6.367 Thread 0x0000027d69eb0950 Exception <a 'java/lang/NoSuchMethodError'{0x000000008349dbf0}: 'java.lang.Object java.lang.invoke.DirectMethodHandle$Holder.invokeVirtual(java.lang.Object, java.lang.Object, java.lang.Object, java.lang.Object, java.lang.Object, java.lang.Object, java.lang.Object, java.lang.Object)'> (0x000000008349dbf0) 
thrown [s\src\hotspot\share\interpreter\linkResolver.cpp, line 784]
Event: 6.610 Thread 0x0000027d69eb0950 Exception <a 'java/lang/NoSuchMethodError'{0x0000000082994f98}: 'int java.lang.invoke.DirectMethodHandle$Holder.invokeVirtual(java.lang.Object, java.lang.Object, java.lang.Object)'> (0x0000000082994f98) 
thrown [s\src\hotspot\share\interpreter\linkResolver.cpp, line 784]
Event: 6.811 Thread 0x0000027d69eb0950 Exception <a 'java/lang/NoSuchMethodError'{0x00000000828b31f8}: 'int java.lang.invoke.DirectMethodHandle$Holder.invokeSpecialIFC(java.lang.Object, java.lang.Object, java.lang.Object, java.lang.Object)'> (0x00000000828b31f8) 
thrown [s\src\hotspot\share\interpreter\linkResolver.cpp, line 784]
Event: 6.813 Thread 0x0000027d69eb0950 Exception <a 'java/lang/NoSuchMethodError'{0x00000000828c04b0}: 'java.lang.Object java.lang.invoke.DirectMethodHandle$Holder.invokeInterface(java.lang.Object, java.lang.Object, java.lang.Object)'> (0x00000000828c04b0) 
thrown [s\src\hotspot\share\interpreter\linkResolver.cpp, line 784]
Event: 6.813 Thread 0x0000027d69eb0950 Exception <a 'java/lang/IncompatibleClassChangeError'{0x00000000828c3df8}: Found class java.lang.Object, but interface was expected> (0x00000000828c3df8) 
thrown [s\src\hotspot\share\interpreter\linkResolver.cpp, line 851]
Event: 7.088 Thread 0x0000027d69eb0950 Exception <a 'java/lang/NoSuchMethodError'{0x0000000082695cf0}: 'int java.lang.invoke.DirectMethodHandle$Holder.invokeStatic(java.lang.Object, java.lang.Object, java.lang.Object, java.lang.Object)'> (0x0000000082695cf0) 
thrown [s\src\hotspot\share\interpreter\linkResolver.cpp, line 784]

ZGC Phase Switch (0 events):
No events

VM Operations (20 events):
Event: 4.027 Executing VM operation: HandshakeAllThreads (Deoptimize)
Event: 4.027 Executing VM operation: HandshakeAllThreads (Deoptimize) done
Event: 4.115 Executing VM operation: HandshakeAllThreads (Deoptimize)
Event: 4.115 Executing VM operation: HandshakeAllThreads (Deoptimize) done
Event: 4.414 Executing VM operation: HandshakeAllThreads (Deoptimize)
Event: 4.414 Executing VM operation: HandshakeAllThreads (Deoptimize) done
Event: 4.937 Executing VM operation: HandshakeAllThreads (Deoptimize)
Event: 4.937 Executing VM operation: HandshakeAllThreads (Deoptimize) done
Event: 4.937 Executing VM operation: Cleanup
Event: 4.937 Executing VM operation: Cleanup done
Event: 5.610 Executing VM operation: CollectForMetadataAllocation (Metadata GC Threshold)
Event: 5.618 Executing VM operation: CollectForMetadataAllocation (Metadata GC Threshold) done
Event: 5.623 Executing VM operation: G1PauseRemark
Event: 5.625 Executing VM operation: G1PauseRemark done
Event: 5.626 Executing VM operation: G1PauseCleanup
Event: 5.629 Executing VM operation: G1PauseCleanup done
Event: 5.842 Executing VM operation: HandshakeAllThreads (Deoptimize)
Event: 5.842 Executing VM operation: HandshakeAllThreads (Deoptimize) done
Event: 6.255 Executing VM operation: HandshakeAllThreads (Deoptimize)
Event: 6.255 Executing VM operation: HandshakeAllThreads (Deoptimize) done

Events (20 events):
Event: 0.494 Thread 0x0000027d684afae0 Thread added: 0x0000027d684afae0
Event: 1.182 Loaded shared library C:\Program Files\Android\Android Studio\jbr\bin\jimage.dll
Event: 1.648 Loaded shared library C:\Users\axelc\.gradle\native\c067742578af261105cb4f569cf0c3c89f3d7b1fecec35dd04571415982c5e48\windows-amd64\native-platform.dll
Event: 1.662 Loaded shared library C:\Users\axelc\.gradle\native\38dada09dfb8b06ba9b0570ebf7e218e3eb74d4ef43ca46872605cf95ebc2f47\windows-amd64\native-platform-file-events.dll
Event: 3.841 Loaded shared library C:\Program Files\Android\Android Studio\jbr\bin\management.dll
Event: 3.849 Loaded shared library C:\Program Files\Android\Android Studio\jbr\bin\management_ext.dll
Event: 3.895 Thread 0x0000027d699d4fb0 Thread added: 0x0000027d699d4fb0
Event: 4.282 Loaded shared library C:\Program Files\Android\Android Studio\jbr\bin\extnet.dll
Event: 4.332 Thread 0x0000027d69a789c0 Thread added: 0x0000027d69a789c0
Event: 4.472 Thread 0x0000027d69954e70 Thread added: 0x0000027d69954e70
Event: 5.024 Thread 0x0000027d69f37c80 Thread added: 0x0000027d69f37c80
Event: 5.038 Thread 0x0000027d69da4fd0 Thread added: 0x0000027d69da4fd0
Event: 5.159 Thread 0x0000027d69eb48d0 Thread added: 0x0000027d69eb48d0
Event: 5.171 Thread 0x0000027d69eb0950 Thread added: 0x0000027d69eb0950
Event: 5.185 Thread 0x0000027d69f51790 Thread added: 0x0000027d69f51790
Event: 5.193 Thread 0x0000027d69f51e20 Thread added: 0x0000027d69f51e20
Event: 5.201 Thread 0x0000027d69f4e9a0 Thread added: 0x0000027d69f4e9a0
Event: 6.256 Thread 0x0000027d69f503e0 Thread added: 0x0000027d69f503e0
Event: 6.288 Thread 0x0000027d69f4f030 Thread added: 0x0000027d69f4f030
Event: 6.414 Thread 0x0000027d69f4fd50 Thread added: 0x0000027d69f4fd50


Dynamic libraries:
0x00007ff6ae0c0000 - 0x00007ff6ae0ca000 	C:\Program Files\Android\Android Studio\jbr\bin\java.exe
0x00007ffb16db0000 - 0x00007ffb16fc7000 	C:\Windows\SYSTEM32\ntdll.dll
0x00007ffb15730000 - 0x00007ffb157f4000 	C:\Windows\System32\KERNEL32.DLL
0x00007ffb146a0000 - 0x00007ffb14a57000 	C:\Windows\System32\KERNELBASE.dll
0x00007ffb14580000 - 0x00007ffb14691000 	C:\Windows\System32\ucrtbase.dll
0x00007ffafa1d0000 - 0x00007ffafa1e8000 	C:\Program Files\Android\Android Studio\jbr\bin\jli.dll
0x00007ffb0d040000 - 0x00007ffb0d05b000 	C:\Program Files\Android\Android Studio\jbr\bin\VCRUNTIME140.dll
0x00007ffb153d0000 - 0x00007ffb1557f000 	C:\Windows\System32\USER32.dll
0x00007ffb14550000 - 0x00007ffb14576000 	C:\Windows\System32\win32u.dll
0x00007ffb15c30000 - 0x00007ffb15c59000 	C:\Windows\System32\GDI32.dll
0x00007ffb14370000 - 0x00007ffb14488000 	C:\Windows\System32\gdi32full.dll
0x00007ffb142a0000 - 0x00007ffb1433a000 	C:\Windows\System32\msvcp_win.dll
0x00007ffaf5300000 - 0x00007ffaf5593000 	C:\Windows\WinSxS\amd64_microsoft.windows.common-controls_6595b64144ccf1df_6.0.22621.3672_none_2713b9d173822955\COMCTL32.dll
0x00007ffb15310000 - 0x00007ffb153b7000 	C:\Windows\System32\msvcrt.dll
0x00007ffb15850000 - 0x00007ffb15881000 	C:\Windows\System32\IMM32.DLL
0x00007ffb105a0000 - 0x00007ffb105ac000 	C:\Program Files\Android\Android Studio\jbr\bin\vcruntime140_1.dll
0x00007ffafa140000 - 0x00007ffafa1cd000 	C:\Program Files\Android\Android Studio\jbr\bin\msvcp140.dll
0x00007ffa80eb0000 - 0x00007ffa81b2d000 	C:\Program Files\Android\Android Studio\jbr\bin\server\jvm.dll
0x00007ffb15980000 - 0x00007ffb15a32000 	C:\Windows\System32\ADVAPI32.dll
0x00007ffb160e0000 - 0x00007ffb16188000 	C:\Windows\System32\sechost.dll
0x00007ffb14340000 - 0x00007ffb14368000 	C:\Windows\System32\bcrypt.dll
0x00007ffb16350000 - 0x00007ffb16464000 	C:\Windows\System32\RPCRT4.dll
0x00007ffb158f0000 - 0x00007ffb15961000 	C:\Windows\System32\WS2_32.dll
0x00007ffb13f90000 - 0x00007ffb13fdd000 	C:\Windows\SYSTEM32\POWRPROF.dll
0x00007ffb0a7e0000 - 0x00007ffb0a7ea000 	C:\Windows\SYSTEM32\VERSION.dll
0x00007ffb0ce20000 - 0x00007ffb0ce54000 	C:\Windows\SYSTEM32\WINMM.dll
0x00007ffb13f70000 - 0x00007ffb13f83000 	C:\Windows\SYSTEM32\UMPDC.dll
0x00007ffb13110000 - 0x00007ffb13128000 	C:\Windows\SYSTEM32\kernel.appcore.dll
0x00007ffb0f9e0000 - 0x00007ffb0f9ea000 	C:\Program Files\Android\Android Studio\jbr\bin\jimage.dll
0x00007ffb11af0000 - 0x00007ffb11d22000 	C:\Windows\SYSTEM32\DBGHELP.DLL
0x00007ffb14f80000 - 0x00007ffb1530e000 	C:\Windows\System32\combase.dll
0x00007ffb15af0000 - 0x00007ffb15bc7000 	C:\Windows\System32\OLEAUT32.dll
0x00007ffb003f0000 - 0x00007ffb00422000 	C:\Windows\SYSTEM32\dbgcore.DLL
0x00007ffb14a60000 - 0x00007ffb14adb000 	C:\Windows\System32\bcryptPrimitives.dll
0x00007ffae23a0000 - 0x00007ffae23ae000 	C:\Program Files\Android\Android Studio\jbr\bin\instrument.dll
0x00007ffb0d020000 - 0x00007ffb0d03f000 	C:\Program Files\Android\Android Studio\jbr\bin\java.dll
0x00007ffb042e0000 - 0x00007ffb042f8000 	C:\Program Files\Android\Android Studio\jbr\bin\zip.dll
0x00007ffb16470000 - 0x00007ffb16cd9000 	C:\Windows\System32\SHELL32.dll
0x00007ffb12030000 - 0x00007ffb1292f000 	C:\Windows\SYSTEM32\windows.storage.dll
0x00007ffb11ef0000 - 0x00007ffb1202f000 	C:\Windows\SYSTEM32\wintypes.dll
0x00007ffb15610000 - 0x00007ffb15709000 	C:\Windows\System32\SHCORE.dll
0x00007ffb15bd0000 - 0x00007ffb15c2e000 	C:\Windows\System32\shlwapi.dll
0x00007ffb13ff0000 - 0x00007ffb14017000 	C:\Windows\SYSTEM32\profapi.dll
0x00007ffb0ef20000 - 0x00007ffb0ef30000 	C:\Program Files\Android\Android Studio\jbr\bin\net.dll
0x00007ffb0da00000 - 0x00007ffb0db36000 	C:\Windows\SYSTEM32\WINHTTP.dll
0x00007ffb13580000 - 0x00007ffb135e9000 	C:\Windows\system32\mswsock.dll
0x00007ffb04290000 - 0x00007ffb042a6000 	C:\Program Files\Android\Android Studio\jbr\bin\nio.dll
0x00007ffb04220000 - 0x00007ffb04230000 	C:\Program Files\Android\Android Studio\jbr\bin\verify.dll
0x00007ffafa1f0000 - 0x00007ffafa217000 	C:\Users\axelc\.gradle\native\c067742578af261105cb4f569cf0c3c89f3d7b1fecec35dd04571415982c5e48\windows-amd64\native-platform.dll
0x00007ffaaa350000 - 0x00007ffaaa494000 	C:\Users\axelc\.gradle\native\38dada09dfb8b06ba9b0570ebf7e218e3eb74d4ef43ca46872605cf95ebc2f47\windows-amd64\native-platform-file-events.dll
0x00007ffb06440000 - 0x00007ffb06449000 	C:\Program Files\Android\Android Studio\jbr\bin\management.dll
0x00007ffb04bc0000 - 0x00007ffb04bcb000 	C:\Program Files\Android\Android Studio\jbr\bin\management_ext.dll
0x00007ffb16d60000 - 0x00007ffb16d68000 	C:\Windows\System32\PSAPI.DLL
0x00007ffb137d0000 - 0x00007ffb137eb000 	C:\Windows\SYSTEM32\CRYPTSP.dll
0x00007ffb13070000 - 0x00007ffb130a5000 	C:\Windows\system32\rsaenh.dll
0x00007ffb13670000 - 0x00007ffb13698000 	C:\Windows\SYSTEM32\USERENV.dll
0x00007ffb137f0000 - 0x00007ffb137fc000 	C:\Windows\SYSTEM32\CRYPTBASE.dll
0x00007ffb12bd0000 - 0x00007ffb12bfd000 	C:\Windows\SYSTEM32\IPHLPAPI.DLL
0x00007ffb153c0000 - 0x00007ffb153c9000 	C:\Windows\System32\NSI.dll
0x00007ffb0d010000 - 0x00007ffb0d019000 	C:\Program Files\Android\Android Studio\jbr\bin\extnet.dll
0x00007ffad6390000 - 0x00007ffad6398000 	C:\Windows\system32\wshunix.dll

dbghelp: loaded successfully - version: 4.0.5 - missing functions: none
symbol engine: initialized successfully - sym options: 0x614 - pdb path: .;C:\Program Files\Android\Android Studio\jbr\bin;C:\Windows\SYSTEM32;C:\Windows\WinSxS\amd64_microsoft.windows.common-controls_6595b64144ccf1df_6.0.22621.3672_none_2713b9d173822955;C:\Program Files\Android\Android Studio\jbr\bin\server;C:\Users\axelc\.gradle\native\c067742578af261105cb4f569cf0c3c89f3d7b1fecec35dd04571415982c5e48\windows-amd64;C:\Users\axelc\.gradle\native\38dada09dfb8b06ba9b0570ebf7e218e3eb74d4ef43ca46872605cf95ebc2f47\windows-amd64

VM Arguments:
jvm_args: --add-opens=java.base/java.util=ALL-UNNAMED --add-opens=java.base/java.lang=ALL-UNNAMED --add-opens=java.base/java.lang.invoke=ALL-UNNAMED --add-opens=java.prefs/java.util.prefs=ALL-UNNAMED --add-opens=java.base/java.nio.charset=ALL-UNNAMED --add-opens=java.base/java.net=ALL-UNNAMED --add-opens=java.base/java.util.concurrent.atomic=ALL-UNNAMED -Xmx2048m -Dfile.encoding=UTF-8 -Duser.country=MX -Duser.language=es -Duser.variant -javaagent:C:\Users\axelc\.gradle\wrapper\dists\gradle-8.7-bin\bhs2wmbdwecv87pi65oeuq5iu\gradle-8.7\lib\agents\gradle-instrumentation-agent-8.7.jar 
java_command: org.gradle.launcher.daemon.bootstrap.GradleDaemon 8.7
java_class_path (initial): C:\Users\axelc\.gradle\wrapper\dists\gradle-8.7-bin\bhs2wmbdwecv87pi65oeuq5iu\gradle-8.7\lib\gradle-launcher-8.7.jar
Launcher Type: SUN_STANDARD

[Global flags]
     intx CICompilerCount                          = 12                                        {product} {ergonomic}
     uint ConcGCThreads                            = 3                                         {product} {ergonomic}
     uint G1ConcRefinementThreads                  = 13                                        {product} {ergonomic}
   size_t G1HeapRegionSize                         = 1048576                                   {product} {ergonomic}
    uintx GCDrainStackTargetSize                   = 64                                        {product} {ergonomic}
   size_t InitialHeapSize                          = 98566144                                  {product} {ergonomic}
   size_t MarkStackSize                            = 4194304                                   {product} {ergonomic}
   size_t MaxHeapSize                              = 2147483648                                {product} {command line}
   size_t MaxNewSize                               = 1287651328                                {product} {ergonomic}
   size_t MinHeapDeltaBytes                        = 1048576                                   {product} {ergonomic}
   size_t MinHeapSize                              = 8388608                                   {product} {ergonomic}
    uintx NonNMethodCodeHeapSize                   = 7602480                                {pd product} {ergonomic}
    uintx NonProfiledCodeHeapSize                  = 122027880                              {pd product} {ergonomic}
    uintx ProfiledCodeHeapSize                     = 122027880                              {pd product} {ergonomic}
    uintx ReservedCodeCacheSize                    = 251658240                              {pd product} {ergonomic}
     bool SegmentedCodeCache                       = true                                      {product} {ergonomic}
   size_t SoftMaxHeapSize                          = 2147483648                             {manageable} {ergonomic}
     bool UseCompressedOops                        = true                           {product lp64_product} {ergonomic}
     bool UseG1GC                                  = true                                      {product} {ergonomic}
     bool UseLargePagesIndividualAllocation        = false                                  {pd product} {ergonomic}

Logging:
Log output configuration:
 #0: stdout all=warning uptime,level,tags foldmultilines=false
 #1: stderr all=off uptime,level,tags foldmultilines=false

Environment Variables:
JAVA_HOME=C:\Users\axelc\Downloads\jdk-23_windows-x64_bin\jdk-23.0.1
PATH=C:\Program Files\Common Files\Oracle\Java\javapath;C:\Windows\system32;C:\Windows;C:\Windows\System32\Wbem;C:\Windows\System32\WindowsPowerShell\v1.0\;C:\Windows\System32\OpenSSH\;C:\Program Files\MongoDB\Server\8.0\bin;C:\Program Files\Git\cmd;C:\Program Files\dotnet\;C:\Program Files\MySQL\MySQL Shell 8.0\bin\;C:\Users\axelc\AppData\Local\Microsoft\WindowsApps;C:\Users\axelc\AppData\Local\Programs\Microsoft VS Code\bin
USERNAME=axelc
OS=Windows_NT
PROCESSOR_IDENTIFIER=AMD64 Family 23 Model 104 Stepping 1, AuthenticAMD
TMP=C:\Users\axelc\AppData\Local\Temp
TEMP=C:\Users\axelc\AppData\Local\Temp




Periodic native trim disabled

JNI global refs:
JNI global refs: 31, weak refs: 0

JNI global refs memory usage: 835, weak refs: 833

Process memory usage:
Resident Set Size: 112644K (1% of 6133240K total physical memory with 17296K free physical memory)

OOME stack traces (most recent first):
Classloader memory used:
Loader bootstrap                                                                       : 15540K
Loader org.gradle.internal.classloader.VisitableURLClassLoader                         : 9141K
Loader org.gradle.initialization.MixInLegacyTypesClassLoader                           : 696K
Loader jdk.internal.loader.ClassLoaders$AppClassLoader                                 : 230K
Loader jdk.internal.loader.ClassLoaders$PlatformClassLoader                            : 168K

Classes loaded by more than one classloader:
Class org.gradle.internal.classloader.FilteringClassLoader                            : loaded 2 times (x 102B)
Class org.gradle.internal.classloader.ClassLoaderHierarchy                            : loaded 2 times (x 67B)
Class org.gradle.api.internal.classpath.ManifestUtil                                  : loaded 2 times (x 68B)
Class org.gradle.internal.classloader.DefaultClassLoaderFactory                       : loaded 2 times (x 79B)
Class org.gradle.internal.classloader.ClassLoaderVisitor                              : loaded 2 times (x 73B)
Class org.gradle.api.internal.classpath.EffectiveClassPath                            : loaded 2 times (x 87B)
Class org.gradle.api.internal.DefaultClassPathProvider                                : loaded 2 times (x 73B)
Class [Lorg.gradle.api.internal.ClassPathProvider;                                    : loaded 2 times (x 66B)
Class org.gradle.api.internal.ClassPathProvider                                       : loaded 2 times (x 67B)
Class org.gradle.internal.service.UnknownServiceException                             : loaded 2 times (x 80B)
Class org.gradle.internal.classpath.TransformedClassPath                              : loaded 2 times (x 93B)
Class org.gradle.internal.service.ServiceLocator                                      : loaded 2 times (x 67B)
Class org.gradle.internal.InternalTransformer                                         : loaded 2 times (x 67B)
Class org.gradle.internal.classloader.ClasspathUtil$1                                 : loaded 2 times (x 73B)
Class org.gradle.api.internal.classpath.DefaultModuleRegistry$DefaultModule           : loaded 2 times (x 83B)
Class org.gradle.api.internal.classpath.Module                                        : loaded 2 times (x 67B)
Class org.gradle.api.internal.classpath.UnknownModuleException                        : loaded 2 times (x 79B)
Class org.gradle.cache.GlobalCache                                                    : loaded 2 times (x 67B)
Class org.gradle.api.internal.DefaultClassPathRegistry                                : loaded 2 times (x 73B)
Class org.gradle.api.internal.ClassPathRegistry                                       : loaded 2 times (x 67B)
Class org.gradle.internal.classpath.DefaultClassPath$ImmutableUniqueList              : loaded 2 times (x 196B)
Class org.gradle.internal.classpath.ClassPath                                         : loaded 2 times (x 67B)
Class org.gradle.api.UncheckedIOException                                             : loaded 2 times (x 79B)
Class org.gradle.internal.installation.GradleInstallation$1                           : loaded 2 times (x 72B)
Class org.gradle.api.internal.classpath.ModuleRegistry                                : loaded 2 times (x 67B)
Class org.gradle.api.internal.classpath.DefaultModuleRegistry                         : loaded 2 times (x 83B)
Class org.gradle.internal.service.ServiceLookupException                              : loaded 2 times (x 79B)
Class org.gradle.internal.classloader.ClassLoaderFactory                              : loaded 2 times (x 67B)
Class org.gradle.internal.service.CachingServiceLocator                               : loaded 2 times (x 79B)
Class org.gradle.internal.classloader.ClasspathUtil                                   : loaded 2 times (x 68B)
Class org.gradle.api.specs.Spec                                                       : loaded 2 times (x 67B)
Class org.gradle.internal.classloader.VisitableURLClassLoader$InstrumentingVisitableURLClassLoader: loaded 2 times (x 120B)
Class org.gradle.internal.classloader.VisitableURLClassLoader$Spec                    : loaded 2 times (x 71B)
Class org.gradle.internal.classpath.DefaultClassPath                                  : loaded 2 times (x 87B)
Class org.gradle.internal.classloader.ClassLoaderSpec                                 : loaded 2 times (x 68B)
Class org.gradle.internal.classloader.VisitableURLClassLoader                         : loaded 2 times (x 114B)
Class org.gradle.internal.Cast                                                        : loaded 2 times (x 68B)
Class org.gradle.api.Action                                                           : loaded 2 times (x 67B)
Class org.gradle.internal.agents.InstrumentingClassLoader                             : loaded 2 times (x 67B)
Class org.gradle.internal.classpath.DefaultClassPath$ImmutableUniqueList$Builder      : loaded 2 times (x 72B)
Class org.gradle.api.GradleException                                                  : loaded 2 times (x 79B)
Class org.gradle.internal.IoActions                                                   : loaded 2 times (x 68B)
Class org.gradle.internal.classloader.SystemClassLoaderSpec                           : loaded 2 times (x 68B)
Class org.gradle.internal.installation.CurrentGradleInstallationLocator               : loaded 2 times (x 68B)
Class org.gradle.internal.service.DefaultServiceLocator                               : loaded 2 times (x 80B)
Class org.gradle.internal.installation.CurrentGradleInstallation                      : loaded 2 times (x 70B)
Class org.gradle.util.internal.GUtil                                                  : loaded 2 times (x 68B)
Class org.gradle.internal.installation.GradleInstallation                             : loaded 2 times (x 72B)

---------------  S Y S T E M  ---------------

OS:
 Windows 11 , 64 bit Build 22621 (10.0.22621.3958)
OS uptime: 1 days 13:41 hours

CPU: total 16 (initial active 16) (16 cores per cpu, 2 threads per core) family 23 model 104 stepping 1 microcode 0x0, cx8, cmov, fxsr, ht, mmx, 3dnowpref, sse, sse2, sse3, ssse3, sse4a, sse4.1, sse4.2, popcnt, lzcnt, tsc, tscinvbit, avx, avx2, aes, clmul, bmi1, bmi2, adx, sha, fma, vzeroupper, clflush, clflushopt, rdtscp, rdpid, f16c
Processor Information for all 16 processors :
  Max Mhz: 1801, Current Mhz: 1801, Mhz Limit: 1801

Memory: 4k page, system-wide physical 5989M (16M free)
TotalPageFile size 24421M (AvailPageFile size 6M)
current process WorkingSet (physical memory assigned to process): 110M, peak: 127M
current process commit charge ("private bytes"): 218M, peak: 227M

vm_info: OpenJDK 64-Bit Server VM (21.0.3+-12282718-b509.11) for windows-amd64 JRE (21.0.3+-12282718-b509.11), built on 2024-08-27T17:34:15Z by "builder" with MS VC++ 16.10 / 16.11 (VS2019)

END.
